<?xml version="1.0" encoding="UTF-8"?>
<!-- Generated by org.testng.reporters.JUnitXMLReporter -->
<testsuite ignored="2" hostname="purvish" failures="0" tests="3" name="Starboard_test_cases" time="36.868" errors="0" timestamp="2023-11-23T14:25:02 IST">
  <testcase classname="general.Linking_Transactions" name="Link_Invoice" time="8.356"/>
  <testcase classname="general.Linking_Transactions" name="Link_Expense_Categories" time="14.64"/>
  <testcase classname="general.Linking_Transactions" name="Notes_Add" time="13.791"/>
  <testcase classname="general.Base" name="@AfterSuite TearDown" time="0.0">
    <ignored/>
  </testcase> <!-- @AfterSuite TearDown -->
  <testcase classname="general.Base" name="@BeforeSuite LoginTOApplication" time="0.0">
    <ignored/>
  </testcase> <!-- @BeforeSuite LoginTOApplication -->
</testsuite> <!-- Starboard_test_cases -->
